\BOOKMARK [1][-]{section.1}{\376\377\000M\000o\000d\000\351\000l\000i\000s\000a\000t\000i\000o\000n}{}% 1
\BOOKMARK [2][-]{subsection.1.1}{\376\377\000A\000n\000a\000l\000y\000s\000e\000\040\000d\000e\000s\000\040\000b\000e\000s\000o\000i\000n\000s}{section.1}% 2
\BOOKMARK [2][-]{subsection.1.2}{\376\377\000M\000o\000d\000\350\000l\000e\000\040\000E\000n\000t\000i\000t\000\351\000-\000A\000s\000s\000o\000c\000i\000a\000t\000i\000o\000n}{section.1}% 3
\BOOKMARK [2][-]{subsection.1.3}{\376\377\000M\000o\000d\000\350\000l\000e\000\040\000R\000e\000l\000a\000t\000i\000o\000n\000n\000e\000l}{section.1}% 4
\BOOKMARK [2][-]{subsection.1.4}{\376\377\000D\000\351\000p\000e\000n\000d\000a\000n\000c\000e\000s\000\040\000f\000o\000n\000c\000t\000i\000o\000n\000n\000e\000l\000l\000e\000s}{section.1}% 5
\BOOKMARK [2][-]{subsection.1.5}{\376\377\000N\000o\000r\000m\000a\000l\000i\000s\000a\000t\000i\000o\000n}{section.1}% 6
\BOOKMARK [1][-]{section.2}{\376\377\000S\000Q\000L}{}% 7
\BOOKMARK [2][-]{subsection.2.1}{\376\377\000L\000D\000D}{section.2}% 8
\BOOKMARK [2][-]{subsection.2.2}{\376\377\000L\000M\000D}{section.2}% 9
\BOOKMARK [2][-]{subsection.2.3}{\376\377\000R\000e\000q\000u\000\352\000t\000e\000s}{section.2}% 10
\BOOKMARK [1][-]{section.3}{\376\377\000A\000p\000p\000l\000i\000c\000a\000t\000i\000o\000n}{}% 11
\BOOKMARK [2][-]{subsection.3.1}{\376\377\000P\000a\000g\000e\000\040\000d\000'\000a\000c\000c\000u\000e\000i\000l}{section.3}% 12
\BOOKMARK [2][-]{subsection.3.2}{\376\377\000M\000e\000n\000u\000\040\000d\000e\000\040\000n\000a\000v\000i\000g\000a\000t\000i\000o\000n}{section.3}% 13
\BOOKMARK [2][-]{subsection.3.3}{\376\377\000M\000e\000n\000u\000\040\000d\000e\000\040\000r\000e\000c\000h\000e\000r\000c\000h\000e}{section.3}% 14
\BOOKMARK [2][-]{subsection.3.4}{\376\377\000P\000a\000g\000e\000\040\000d\000e\000\040\000v\000i\000s\000u\000a\000l\000i\000s\000a\000t\000i\000o\000n\000\040\000d\000e\000s\000\040\000a\000r\000t\000i\000s\000t\000e\000s}{section.3}% 15
\BOOKMARK [2][-]{subsection.3.5}{\376\377\000P\000a\000g\000e\000\040\000d\000e\000\040\000v\000i\000s\000u\000a\000l\000i\000s\000a\000t\000i\000o\000n\000\040\000d\000e\000s\000\040\000c\000a\000s\000t\000i\000n\000g\000s}{section.3}% 16
\BOOKMARK [2][-]{subsection.3.6}{\376\377\000P\000a\000g\000e\000\040\000d\000e\000\040\000v\000i\000s\000u\000a\000l\000i\000s\000a\000t\000i\000o\000n\000\040\000d\000e\000s\000\040\000f\000i\000l\000m\000s}{section.3}% 17
\BOOKMARK [2][-]{subsection.3.7}{\376\377\000P\000a\000g\000e\000\040\000d\000'\000a\000j\000o\000u\000t\000\040\000d\000e\000\040\000d\000o\000n\000n\000\351\000e\000s}{section.3}% 18
\BOOKMARK [2][-]{subsection.3.8}{\376\377\000P\000a\000g\000e\000\040\000d\000'\000a\000j\000o\000u\000t\000\040\000d\000'\000a\000r\000t\000i\000s\000t\000e}{section.3}% 19
\BOOKMARK [2][-]{subsection.3.9}{\376\377\000M\000e\000s\000s\000a\000g\000e\000\040\000d\000e\000\040\000s\000u\000c\000c\000\350\000s}{section.3}% 20
